
Showing logs for build [32mcb-kubecd-bdd-gh-1573054726-pr-1[0m stage [32mfrom-build-pack[0m and container [32mstep-credential-initializer-dvctd[0m
{"level":"warn","ts":1573056134.8602672,"logger":"fallback-logger","caller":"logging/config.go:69","msg":"Fetch GitHub commit ID from kodata failed: \"ref: refs/heads/master\" is not a valid GitHub commit ID"}
{"level":"info","ts":1573056134.8633459,"logger":"fallback-logger","caller":"creds-init/main.go:40","msg":"Credentials initialized."}

Showing logs for build [32mcb-kubecd-bdd-gh-1573054726-pr-1[0m stage [32mfrom-build-pack[0m and container [32mstep-working-dir-initializer-7562p[0m
{"level":"warn","ts":1573056135.4288685,"logger":"fallback-logger","caller":"logging/config.go:69","msg":"Fetch GitHub commit ID from kodata failed: open /var/run/ko/HEAD: no such file or directory"}
{"level":"info","ts":1573056135.4330618,"logger":"fallback-logger","caller":"bash/main.go:65","msg":"Successfully executed command \"mkdir -p /workspace/source\""}

Showing logs for build [32mcb-kubecd-bdd-gh-1573054726-pr-1[0m stage [32mfrom-build-pack[0m and container [32mstep-place-tools[0m

Showing logs for build [32mcb-kubecd-bdd-gh-1573054726-pr-1[0m stage [32mfrom-build-pack[0m and container [32mstep-git-source-cb-kubecd-bdd-gh-1573054726-pr-vkfwc[0m
{"level":"warn","ts":1573056141.606341,"logger":"fallback-logger","caller":"logging/config.go:69","msg":"Fetch GitHub commit ID from kodata failed: \"ref: refs/heads/master\" is not a valid GitHub commit ID"}
{"level":"info","ts":1573056142.7775676,"logger":"fallback-logger","caller":"git/git.go:102","msg":"Successfully cloned https://github.com/cb-kubecd/bdd-gh-1573054726.git @ 6638d2f56bc44f23d715a8465390759b8d71310d in path /workspace/source"}

Showing logs for build [32mcb-kubecd-bdd-gh-1573054726-pr-1[0m stage [32mfrom-build-pack[0m and container [32mstep-git-merge[0m
Using SHAs from PULL_REFS=master:858a20f7e9aba090e6c53767c5083ab7c62e0b61,1:6638d2f56bc44f23d715a8465390759b8d71310d
DEBUG: ran git fetch --unshallow origin 6638d2f56bc44f23d715a8465390759b8d71310d: 858a20f7e9aba090e6c53767c5083ab7c62e0b61: in 
DEBUG: ran git checkout master in 
DEBUG: ran git reset --hard 858a20f7e9aba090e6c53767c5083ab7c62e0b61 in 
DEBUG: ran clean --force -d . in 
DEBUG: ran git merge 6638d2f56bc44f23d715a8465390759b8d71310d in 
Merged SHA 6638d2f56bc44f23d715a8465390759b8d71310d with commit message 'My first PR commit' into base branch master

Showing logs for build [32mcb-kubecd-bdd-gh-1573054726-pr-1[0m stage [32mfrom-build-pack[0m and container [32mstep-build-make-linux[0m
CGO_ENABLED=0 GOOS=linux GOARCH=amd64 GO15VENDOREXPERIMENT=1 go build -ldflags '' -o bin/bdd-gh-1573054726 main.go

Showing logs for build [32mcb-kubecd-bdd-gh-1573054726-pr-1[0m stage [32mfrom-build-pack[0m and container [32mstep-build-container-build[0m
[36mINFO[0m[0000] No base image, nothing to extract            
[36mINFO[0m[0000] cmd: EXPOSE                                  
[36mINFO[0m[0000] Adding exposed port: 8080/tcp                
[36mINFO[0m[0000] Using files from context: [/workspace/source/bin] 
[36mINFO[0m[0000] Skipping unpacking as no commands require it. 
[36mINFO[0m[0000] Taking snapshot of full filesystem...        
[36mINFO[0m[0000] EXPOSE 8080                                  
[36mINFO[0m[0000] cmd: EXPOSE                                  
[36mINFO[0m[0000] Adding exposed port: 8080/tcp                
[36mINFO[0m[0000] No files changed in this command, skipping snapshotting. 
[36mINFO[0m[0000] ENTRYPOINT ["/bdd-gh-1573054726"]            
[36mINFO[0m[0000] No files changed in this command, skipping snapshotting. 
[36mINFO[0m[0000] Using files from context: [/workspace/source/bin] 
[36mINFO[0m[0000] COPY ./bin/ /                                
[36mINFO[0m[0000] Taking snapshot of files...                  
2019/11/06 16:02:35 pushed blob: sha256:85d2d0e63f18122742e0ad84e2b9a9ea29a6749a64785aec66bffc4dbd18b95b
2019/11/06 16:02:36 pushed blob: sha256:7fcb8b176d26199a6caecfaef53a29ff34492249d5f27d362f3fd19b19636d37
2019/11/06 16:02:37 gcr.io/jenkins-x-bdd3/bdd-gh-1573054726:0.0.0-SNAPSHOT-PR-1-1: digest: sha256:99a3b9b8aac6db73387d95707f4c25750ade74695b8decbba73f5ee4249ae378 size: 428

Showing logs for build [32mcb-kubecd-bdd-gh-1573054726-pr-1[0m stage [32mfrom-build-pack[0m and container [32mstep-postbuild-post-build[0m
no CVE provider running in the current ** namespace so skip adding image to be analysed

Showing logs for build [32mcb-kubecd-bdd-gh-1573054726-pr-1[0m stage [32mfrom-build-pack[0m and container [32mstep-promote-make-preview[0m
sed -i -e "s/version:.*/version: 0.0.0-SNAPSHOT-PR-1-1/" Chart.yaml
sed -i -e "s/version:.*/version: 0.0.0-SNAPSHOT-PR-1-1/" ../*/Chart.yaml
sed -i -e "s|repository:.*|repository: gcr.io\/jenkins-x-bdd3\/bdd-gh-1573054726|" values.yaml
sed -i -e "s/tag:.*/tag: 0.0.0-SNAPSHOT-PR-1-1/" values.yaml
echo "  version: 0.0.0-SNAPSHOT-PR-1-1" >> requirements.yaml
** step helm build
WARNING: No $CHART_REPOSITORY defined so using the default value of: http://jenkins-x-chartmuseum:8080
Adding missing Helm repo: storage.googleapis.com https://storage.googleapis.com/chartmuseum.jenkins-x.io
Read credentials for https://storage.googleapis.com/chartmuseum.jenkins-x.io from vault helm/repos
Successfully added Helm repository storage.googleapis.com.
Adding missing Helm repo: jenkins-x-chartmuseum http://jenkins-x-chartmuseum:8080
Read credentials for http://jenkins-x-chartmuseum:8080 from vault helm/repos
Successfully added Helm repository jenkins-x-chartmuseum.
WARNING: No $CHART_REPOSITORY defined so using the default value of: http://jenkins-x-chartmuseum:8080
Adding missing Helm repo: chartmuseum.jenkins-x.io http://chartmuseum.jenkins-x.io
Read credentials for http://chartmuseum.jenkins-x.io from vault helm/repos
Successfully added Helm repository chartmuseum.jenkins-x.io.

Showing logs for build [32mcb-kubecd-bdd-gh-1573054726-pr-1[0m stage [32mfrom-build-pack[0m and container [32mstep-promote-jx-preview[0m
Creating a preview
WARNING: No author for commit: 6638d2f56bc44f23d715a8465390759b8d71310d
Created environment cb-kubecd-bdd-gh-1573054726-pr-1
Namespace **-cb-kubecd-bdd-gh-1573054726-pr-1 created 
expose:
  Annotations:
    helm.sh/hook: post-install,post-upgrade
    helm.sh/hook-delete-policy: hook-succeeded
  config:
    domain: 35.205.250.27.nip.io
    exposer: Ingress
    http: "true"
preview:
  image:
    repository: gcr.io/jenkins-x-bdd3/bdd-gh-1573054726
    tag: 0.0.0-SNAPSHOT-PR-1-1


Updating PipelineActivities cb-kubecd-bdd-gh-1573054726-pr-1-1 which has status Running
Preview application is now available at: http://bdd-gh-1573054726.**-cb-kubecd-bdd-gh-1573054726-pr-1.35.205.250.27.nip.io
